<?xml version="1.0" encoding="UTF-8"?>
<!-- Generated by org.testng.reporters.JUnitReportReporter -->
<testsuite hostname="Anants-MacBook-Pro.local" failures="0" tests="6" name="com.jbkqa.testCases.NewTest" time="0.009" errors="0" timestamp="2023-06-30T17:25:04 IST" skipped="0">
  <testcase classname="com.jbkqa.testCases.NewTest" name="f2" time="0.001"/>
  <testcase classname="com.jbkqa.testCases.NewTest" name="f4" time="0.001"/>
  <testcase classname="com.jbkqa.testCases.NewTest" name="f3" time="0.000"/>
  <testcase classname="com.jbkqa.testCases.NewTest" name="f6" time="0.001"/>
  <testcase classname="com.jbkqa.testCases.NewTest" name="f1" time="0.005"/>
  <testcase classname="com.jbkqa.testCases.NewTest" name="f5" time="0.001"/>
</testsuite> <!-- com.jbkqa.testCases.NewTest -->
