<?xml version="1.0" encoding="UTF-8"?>
<!-- Generated by org.testng.reporters.JUnitReportReporter -->
<testsuite hostname="Anants-MacBook-Pro.local" failures="0" tests="1" name="com.jbkqa.testCases.TC_JavaCertQuizTest_TryOut" time="50.035" errors="0" timestamp="2023-07-04T09:46:25 IST" skipped="0">
  <testcase classname="com.jbkqa.testCases.TC_JavaCertQuizTest_TryOut" name="JavaCertQuizTest" time="50.035"/>
</testsuite> <!-- com.jbkqa.testCases.TC_JavaCertQuizTest_TryOut -->
