<?xml version="1.0" encoding="UTF-8"?>
<!-- Generated by org.testng.reporters.JUnitReportReporter -->
<testsuite hostname="Anants-MacBook-Pro.local" failures="0" tests="1" name="com.jbkqa.testCases.TC_18_LogicalReasoningQuizTestFor10_20_25Que" time="1032.824" errors="0" timestamp="2023-07-11T18:02:18 IST" skipped="0">
  <testcase classname="com.jbkqa.testCases.TC_18_LogicalReasoningQuizTestFor10_20_25Que" name="LogicalReasoningQuizTest" time="1032.824"/>
</testsuite> <!-- com.jbkqa.testCases.TC_18_LogicalReasoningQuizTestFor10_20_25Que -->
