<?xml version="1.0" encoding="UTF-8"?>
<!-- Generated by org.testng.reporters.JUnitReportReporter -->
<testsuite hostname="Anants-MacBook-Pro.local" failures="0" tests="1" name="com.jbkqa.testCases.TC_PlacementQuizTest_003" time="36.357" errors="0" timestamp="2023-07-03T13:28:48 IST" skipped="0">
  <testcase classname="com.jbkqa.testCases.TC_PlacementQuizTest_003" name="PlacementQuizTest" time="36.357"/>
</testsuite> <!-- com.jbkqa.testCases.TC_PlacementQuizTest_003 -->
