<?xml version="1.0" encoding="UTF-8"?>
<!-- Generated by org.testng.reporters.JUnitReportReporter -->
<testsuite hostname="Anants-MacBook-Pro.local" failures="0" tests="1" name="com.jbkqa.testCases.TC_JavaCertQuizTest_TryOutNew" time="147.367" errors="0" timestamp="2023-07-05T08:51:17 IST" skipped="0">
  <testcase classname="com.jbkqa.testCases.TC_JavaCertQuizTest_TryOutNew" name="JavaCertQuizTest" time="147.367"/>
</testsuite> <!-- com.jbkqa.testCases.TC_JavaCertQuizTest_TryOutNew -->
