<?xml version="1.0" encoding="UTF-8"?>
<!-- Generated by org.testng.reporters.JUnitReportReporter -->
<testsuite hostname="Anants-MacBook-Pro.local" failures="0" tests="1" name="com.jbkqa.testCases.TC_TestttttQuizTest_TryOut" time="31.382" errors="0" timestamp="2023-07-03T11:58:55 IST" skipped="0">
  <testcase classname="com.jbkqa.testCases.TC_TestttttQuizTest_TryOut" name="TestttttQuizTest" time="31.382"/>
</testsuite> <!-- com.jbkqa.testCases.TC_TestttttQuizTest_TryOut -->
