<?xml version="1.0" encoding="UTF-8"?>
<!-- Generated by org.testng.reporters.JUnitReportReporter -->
<testsuite hostname="Anants-MacBook-Pro.local" failures="0" tests="1" name="com.jbkqa.testCases.TC_26_TestingQuizTestForAll_102025QueOptions" time="41.016" errors="0" timestamp="2023-07-19T11:24:28 IST" skipped="0">
  <testcase classname="com.jbkqa.testCases.TC_26_TestingQuizTestForAll_102025QueOptions" name="TestingQuizTest" time="41.016"/>
</testsuite> <!-- com.jbkqa.testCases.TC_26_TestingQuizTestForAll_102025QueOptions -->
