<?xml version="1.0" encoding="UTF-8"?>
<!-- Generated by org.testng.reporters.JUnitReportReporter -->
<testsuite hostname="Anants-MacBook-Pro.local" failures="0" tests="1" name="com.jbkqa.testCases.TC_30_OnDemandQuizTestForAll_102025QueOptions" time="140.606" errors="0" timestamp="2023-07-19T11:24:28 IST" skipped="0">
  <testcase classname="com.jbkqa.testCases.TC_30_OnDemandQuizTestForAll_102025QueOptions" name="OnDemandQuizTest" time="140.606"/>
</testsuite> <!-- com.jbkqa.testCases.TC_30_OnDemandQuizTestForAll_102025QueOptions -->
