<?xml version="1.0" encoding="UTF-8"?>
<!-- Generated by org.testng.reporters.JUnitReportReporter -->
<testsuite hostname="Anants-MacBook-Pro.local" failures="0" tests="1" name="com.jbkqa.testCases.TC_17_MySQLQuizTestFor20_25_Que" time="217.849" errors="0" timestamp="2023-07-11T18:43:16 IST" skipped="0">
  <testcase classname="com.jbkqa.testCases.TC_17_MySQLQuizTestFor20_25_Que" name="MySQLQuizTest" time="217.849"/>
</testsuite> <!-- com.jbkqa.testCases.TC_17_MySQLQuizTestFor20_25_Que -->
