<?xml version="1.0" encoding="UTF-8"?>
<!-- Generated by org.testng.reporters.JUnitReportReporter -->
<testsuite hostname="Anants-MacBook-Pro.local" failures="0" tests="1" name="com.jbkqa.testCases.TC_18_TestttttQuizTestForAll_102025QueOptions" time="105.645" errors="0" timestamp="2023-07-19T11:24:28 IST" skipped="0">
  <testcase classname="com.jbkqa.testCases.TC_18_TestttttQuizTestForAll_102025QueOptions" name="TestttttQuizTest" time="105.645"/>
</testsuite> <!-- com.jbkqa.testCases.TC_18_TestttttQuizTestForAll_102025QueOptions -->
