<?xml version="1.0" encoding="UTF-8"?>
<!-- Generated by org.testng.reporters.JUnitReportReporter -->
<testsuite hostname="Anants-MacBook-Pro.local" failures="0" tests="1" name="com.jbkqa.testCases.TC_TestttttQuizTest_004" time="32.760" errors="0" timestamp="2023-07-05T10:32:30 IST" skipped="0">
  <testcase classname="com.jbkqa.testCases.TC_TestttttQuizTest_004" name="TestttttQuizTest" time="32.760"/>
</testsuite> <!-- com.jbkqa.testCases.TC_TestttttQuizTest_004 -->
