<?xml version="1.0" encoding="UTF-8"?>
<!-- Generated by org.testng.reporters.JUnitReportReporter -->
<testsuite hostname="Anants-MacBook-Pro.local" failures="0" tests="1" name="com.jbkqa.testCases.TC_JavaCertQuizTest_005" time="53.948" errors="0" timestamp="2023-07-04T08:41:42 IST" skipped="0">
  <testcase classname="com.jbkqa.testCases.TC_JavaCertQuizTest_005" name="JavaCertQuizTest" time="53.948"/>
</testsuite> <!-- com.jbkqa.testCases.TC_JavaCertQuizTest_005 -->
