<?xml version="1.0" encoding="UTF-8"?>
<!-- Generated by org.testng.reporters.JUnitReportReporter -->
<testsuite hostname="Anants-MacBook-Pro.local" failures="0" tests="1" name="com.jbkqa.testCases.TC_13_MySQLQuizTest" time="63.730" errors="0" timestamp="2023-07-09T19:52:57 IST" skipped="0">
  <testcase classname="com.jbkqa.testCases.TC_13_MySQLQuizTest" name="MySQLQuizTest" time="63.730"/>
</testsuite> <!-- com.jbkqa.testCases.TC_13_MySQLQuizTest -->
