<?xml version="1.0" encoding="UTF-8"?>
<!-- Generated by org.testng.reporters.JUnitReportReporter -->
<testsuite hostname="Anants-MacBook-Pro.local" failures="0" tests="1" name="com.jbkqa.testCases.TC_15_PythonQuizTest_TryOut" time="526.479" errors="0" timestamp="2023-07-09T09:47:37 IST" skipped="0">
  <testcase classname="com.jbkqa.testCases.TC_15_PythonQuizTest_TryOut" name="PythonQuizTest" time="526.479"/>
</testsuite> <!-- com.jbkqa.testCases.TC_15_PythonQuizTest_TryOut -->
