<?xml version="1.0" encoding="UTF-8"?>
<!-- Generated by org.testng.reporters.JUnitReportReporter -->
<testsuite hostname="Anants-MacBook-Pro.local" failures="0" tests="1" name="com.jbkqa.testCases.TC_16_OnDemandQuizTest" time="1416.963" errors="0" timestamp="2023-07-10T12:02:47 IST" skipped="0">
  <testcase classname="com.jbkqa.testCases.TC_16_OnDemandQuizTest" name="OnDemandQuizTest" time="1416.963"/>
</testsuite> <!-- com.jbkqa.testCases.TC_16_OnDemandQuizTest -->
