<?xml version="1.0" encoding="UTF-8"?>
<!-- Generated by org.testng.reporters.JUnitReportReporter -->
<testsuite hostname="Anants-MacBook-Pro.local" failures="0" tests="1" name="com.jbkqa.testCases.TC_TestttttQuizTest_TryOut2" time="33.030" errors="0" timestamp="2023-07-03T17:29:56 IST" skipped="0">
  <testcase classname="com.jbkqa.testCases.TC_TestttttQuizTest_TryOut2" name="TestttttQuizTest" time="33.030"/>
</testsuite> <!-- com.jbkqa.testCases.TC_TestttttQuizTest_TryOut2 -->
