<?xml version="1.0" encoding="UTF-8"?>
<!-- Generated by org.testng.reporters.JUnitReportReporter -->
<testsuite hostname="Anants-MacBook-Pro.local" failures="0" tests="1" name="com.jbkqa.testCases.TC_AptitudeQuizTest_006" time="38.240" errors="0" timestamp="2023-07-05T10:27:15 IST" skipped="0">
  <testcase classname="com.jbkqa.testCases.TC_AptitudeQuizTest_006" name="JavaCertQuizTest" time="38.240"/>
</testsuite> <!-- com.jbkqa.testCases.TC_AptitudeQuizTest_006 -->
